<?xml version="1.0" encoding="UTF-8" ?>
<testsuite 
errors="0" failures="0" hostname="kvadla.jf.intel.com" name="tensorflow.TensorFlowTest" tests="5" time="4.947" timestamp="2017-01-25T11:37:37">
  <properties>
    <property name="java.runtime.name" value="OpenJDK Runtime Environment">
    </property>
    <property 
    name="sun.boot.library.path" value="/usr/lib/jvm/java-1.8.0-openjdk-1.8.0.111-1.b15.el7_2.x86_64/jre/lib/amd64">
</property>
    <property name="java.vm.version" value="25.111-b15"> </property>
    <property name="java.vm.vendor" value="Oracle Corporation"> </property>
    <property name="java.vendor.url" value="http://java.oracle.com/">
    </property>
    <property name="path.separator" value=":"> </property>
    <property name="java.vm.name" value="OpenJDK 64-Bit Server VM"> </property>
    <property name="file.encoding.pkg" value="sun.io"> </property>
    <property name="user.country" value="US"> </property>
    <property name="sun.java.launcher" value="SUN_STANDARD"> </property>
    <property name="sun.os.patch.level" value="unknown"> </property>
    <property 
    name="java.vm.specification.name" value="Java Virtual Machine Specification">
</property>
    <property 
    name="user.dir" value="/home/kvadla/git-repo/spark-tensorflow-connector/spark-tf-core">
</property>
    <property name="java.runtime.version" value="1.8.0_111-b15"> </property>
    <property 
    name="java.awt.graphicsenv" value="sun.awt.X11GraphicsEnvironment">
</property>
    <property 
    name="basedir" value="/home/kvadla/git-repo/spark-tensorflow-connector/spark-tf-core">
</property>
    <property 
    name="java.endorsed.dirs" value="/usr/lib/jvm/java-1.8.0-openjdk-1.8.0.111-1.b15.el7_2.x86_64/jre/lib/endorsed">
</property>
    <property name="os.arch" value="amd64"> </property>
    <property name="java.io.tmpdir" value="/tmp"> </property>
    <property name="line.separator" value=" "> </property>
    <property name="java.vm.specification.vendor" value="Oracle Corporation">
    </property>
    <property name="os.name" value="Linux"> </property>
    <property name="sun.jnu.encoding" value="UTF-8"> </property>
    <property 
    name="java.library.path" value="/usr/java/packages/lib/amd64:/usr/lib64:/lib64:/lib:/usr/lib">
</property>
    <property 
    name="java.specification.name" value="Java Platform API Specification">
</property>
    <property name="java.class.version" value="52.0"> </property>
    <property 
    name="sun.management.compiler" value="HotSpot 64-Bit Tiered Compilers">
</property>
    <property name="os.version" value="3.10.0-327.36.3.el7.x86_64"> </property>
    <property name="user.home" value="/home/kvadla"> </property>
    <property name="user.timezone" value=""> </property>
    <property name="java.awt.printerjob" value="sun.print.PSPrinterJob">
    </property>
    <property name="file.encoding" value="UTF-8"> </property>
    <property name="java.specification.version" value="1.8"> </property>
    <property name="user.name" value="kvadla"> </property>
    <property 
    name="java.class.path" value="/home/kvadla/git-repo/spark-tensorflow-connector/spark-tf-core/target/test-classes:/home/kvadla/git-repo/spark-tensorflow-connector/spark-tf-core/target/classes:/home/kvadla/.m2/repository/org/apache/spark/spark-core_2.10/1.6.2/spark-core_2.10-1.6.2.jar:/home/kvadla/.m2/repository/org/apache/avro/avro-mapred/1.7.7/avro-mapred-1.7.7-hadoop2.jar:/home/kvadla/.m2/repository/org/apache/avro/avro-ipc/1.7.7/avro-ipc-1.7.7.jar:/home/kvadla/.m2/repository/org/apache/avro/avro-ipc/1.7.7/avro-ipc-1.7.7-tests.jar:/home/kvadla/.m2/repository/org/codehaus/jackson/jackson-core-asl/1.9.13/jackson-core-asl-1.9.13.jar:/home/kvadla/.m2/repository/org/codehaus/jackson/jackson-mapper-asl/1.9.13/jackson-mapper-asl-1.9.13.jar:/home/kvadla/.m2/repository/com/twitter/chill_2.10/0.5.0/chill_2.10-0.5.0.jar:/home/kvadla/.m2/repository/com/esotericsoftware/kryo/kryo/2.21/kryo-2.21.jar:/home/kvadla/.m2/repository/com/esotericsoftware/reflectasm/reflectasm/1.07/reflectasm-1.07-shaded.jar:/home/kvadla/.m2/repository/com/esotericsoftware/minlog/minlog/1.2/minlog-1.2.jar:/home/kvadla/.m2/repository/org/objenesis/objenesis/1.2/objenesis-1.2.jar:/home/kvadla/.m2/repository/com/twitter/chill-java/0.5.0/chill-java-0.5.0.jar:/home/kvadla/.m2/repository/org/apache/xbean/xbean-asm5-shaded/4.4/xbean-asm5-shaded-4.4.jar:/home/kvadla/.m2/repository/org/apache/hadoop/hadoop-client/2.2.0/hadoop-client-2.2.0.jar:/home/kvadla/.m2/repository/org/apache/hadoop/hadoop-hdfs/2.2.0/hadoop-hdfs-2.2.0.jar:/home/kvadla/.m2/repository/org/apache/hadoop/hadoop-mapreduce-client-app/2.2.0/hadoop-mapreduce-client-app-2.2.0.jar:/home/kvadla/.m2/repository/org/apache/hadoop/hadoop-mapreduce-client-common/2.2.0/hadoop-mapreduce-client-common-2.2.0.jar:/home/kvadla/.m2/repository/org/apache/hadoop/hadoop-mapreduce-client-shuffle/2.2.0/hadoop-mapreduce-client-shuffle-2.2.0.jar:/home/kvadla/.m2/repository/org/apache/hadoop/hadoop-mapreduce-client-jobclient/2.2.0/hadoop-mapreduce-client-jobclient-2.2.0.jar:/home/kvadla/.m2/repository/org/apache/spark/spark-launcher_2.10/1.6.2/spark-launcher_2.10-1.6.2.jar:/home/kvadla/.m2/repository/org/apache/spark/spark-network-common_2.10/1.6.2/spark-network-common_2.10-1.6.2.jar:/home/kvadla/.m2/repository/org/apache/spark/spark-network-shuffle_2.10/1.6.2/spark-network-shuffle_2.10-1.6.2.jar:/home/kvadla/.m2/repository/org/fusesource/leveldbjni/leveldbjni-all/1.8/leveldbjni-all-1.8.jar:/home/kvadla/.m2/repository/com/fasterxml/jackson/core/jackson-annotations/2.4.4/jackson-annotations-2.4.4.jar:/home/kvadla/.m2/repository/org/apache/spark/spark-unsafe_2.10/1.6.2/spark-unsafe_2.10-1.6.2.jar:/home/kvadla/.m2/repository/net/java/dev/jets3t/jets3t/0.7.1/jets3t-0.7.1.jar:/home/kvadla/.m2/repository/commons-codec/commons-codec/1.3/commons-codec-1.3.jar:/home/kvadla/.m2/repository/commons-httpclient/commons-httpclient/3.1/commons-httpclient-3.1.jar:/home/kvadla/.m2/repository/org/apache/curator/curator-recipes/2.4.0/curator-recipes-2.4.0.jar:/home/kvadla/.m2/repository/org/apache/curator/curator-framework/2.4.0/curator-framework-2.4.0.jar:/home/kvadla/.m2/repository/org/apache/zookeeper/zookeeper/3.4.5/zookeeper-3.4.5.jar:/home/kvadla/.m2/repository/jline/jline/0.9.94/jline-0.9.94.jar:/home/kvadla/.m2/repository/org/eclipse/jetty/orbit/javax.servlet/3.0.0.v201112011016/javax.servlet-3.0.0.v201112011016.jar:/home/kvadla/.m2/repository/org/apache/commons/commons-lang3/3.3.2/commons-lang3-3.3.2.jar:/home/kvadla/.m2/repository/org/apache/commons/commons-math3/3.4.1/commons-math3-3.4.1.jar:/home/kvadla/.m2/repository/com/google/code/findbugs/jsr305/1.3.9/jsr305-1.3.9.jar:/home/kvadla/.m2/repository/org/slf4j/slf4j-api/1.7.10/slf4j-api-1.7.10.jar:/home/kvadla/.m2/repository/org/slf4j/jul-to-slf4j/1.7.10/jul-to-slf4j-1.7.10.jar:/home/kvadla/.m2/repository/org/slf4j/jcl-over-slf4j/1.7.10/jcl-over-slf4j-1.7.10.jar:/home/kvadla/.m2/repository/log4j/log4j/1.2.17/log4j-1.2.17.jar:/home/kvadla/.m2/repository/org/slf4j/slf4j-log4j12/1.7.10/slf4j-log4j12-1.7.10.jar:/home/kvadla/.m2/repository/com/ning/compress-lzf/1.0.3/compress-lzf-1.0.3.jar:/home/kvadla/.m2/repository/org/xerial/snappy/snappy-java/1.1.2.1/snappy-java-1.1.2.1.jar:/home/kvadla/.m2/repository/net/jpountz/lz4/lz4/1.3.0/lz4-1.3.0.jar:/home/kvadla/.m2/repository/org/roaringbitmap/RoaringBitmap/0.5.11/RoaringBitmap-0.5.11.jar:/home/kvadla/.m2/repository/commons-net/commons-net/2.2/commons-net-2.2.jar:/home/kvadla/.m2/repository/com/typesafe/akka/akka-remote_2.10/2.3.11/akka-remote_2.10-2.3.11.jar:/home/kvadla/.m2/repository/com/typesafe/akka/akka-actor_2.10/2.3.11/akka-actor_2.10-2.3.11.jar:/home/kvadla/.m2/repository/io/netty/netty/3.8.0.Final/netty-3.8.0.Final.jar:/home/kvadla/.m2/repository/org/uncommons/maths/uncommons-maths/1.2.2a/uncommons-maths-1.2.2a.jar:/home/kvadla/.m2/repository/com/typesafe/akka/akka-slf4j_2.10/2.3.11/akka-slf4j_2.10-2.3.11.jar:/home/kvadla/.m2/repository/org/scala-lang/scala-library/2.10.5/scala-library-2.10.5.jar:/home/kvadla/.m2/repository/org/json4s/json4s-jackson_2.10/3.2.10/json4s-jackson_2.10-3.2.10.jar:/home/kvadla/.m2/repository/org/json4s/json4s-core_2.10/3.2.10/json4s-core_2.10-3.2.10.jar:/home/kvadla/.m2/repository/org/json4s/json4s-ast_2.10/3.2.10/json4s-ast_2.10-3.2.10.jar:/home/kvadla/.m2/repository/com/sun/jersey/jersey-server/1.9/jersey-server-1.9.jar:/home/kvadla/.m2/repository/asm/asm/3.1/asm-3.1.jar:/home/kvadla/.m2/repository/com/sun/jersey/jersey-core/1.9/jersey-core-1.9.jar:/home/kvadla/.m2/repository/org/apache/mesos/mesos/0.21.1/mesos-0.21.1-shaded-protobuf.jar:/home/kvadla/.m2/repository/io/netty/netty-all/4.0.29.Final/netty-all-4.0.29.Final.jar:/home/kvadla/.m2/repository/com/clearspring/analytics/stream/2.7.0/stream-2.7.0.jar:/home/kvadla/.m2/repository/io/dropwizard/metrics/metrics-core/3.1.2/metrics-core-3.1.2.jar:/home/kvadla/.m2/repository/io/dropwizard/metrics/metrics-jvm/3.1.2/metrics-jvm-3.1.2.jar:/home/kvadla/.m2/repository/io/dropwizard/metrics/metrics-json/3.1.2/metrics-json-3.1.2.jar:/home/kvadla/.m2/repository/io/dropwizard/metrics/metrics-graphite/3.1.2/metrics-graphite-3.1.2.jar:/home/kvadla/.m2/repository/com/fasterxml/jackson/core/jackson-databind/2.4.4/jackson-databind-2.4.4.jar:/home/kvadla/.m2/repository/com/fasterxml/jackson/core/jackson-core/2.4.4/jackson-core-2.4.4.jar:/home/kvadla/.m2/repository/com/fasterxml/jackson/module/jackson-module-scala_2.10/2.4.4/jackson-module-scala_2.10-2.4.4.jar:/home/kvadla/.m2/repository/com/thoughtworks/paranamer/paranamer/2.6/paranamer-2.6.jar:/home/kvadla/.m2/repository/org/apache/ivy/ivy/2.4.0/ivy-2.4.0.jar:/home/kvadla/.m2/repository/oro/oro/2.0.8/oro-2.0.8.jar:/home/kvadla/.m2/repository/org/tachyonproject/tachyon-client/0.8.2/tachyon-client-0.8.2.jar:/home/kvadla/.m2/repository/commons-io/commons-io/2.4/commons-io-2.4.jar:/home/kvadla/.m2/repository/org/tachyonproject/tachyon-underfs-hdfs/0.8.2/tachyon-underfs-hdfs-0.8.2.jar:/home/kvadla/.m2/repository/org/tachyonproject/tachyon-underfs-s3/0.8.2/tachyon-underfs-s3-0.8.2.jar:/home/kvadla/.m2/repository/org/tachyonproject/tachyon-underfs-local/0.8.2/tachyon-underfs-local-0.8.2.jar:/home/kvadla/.m2/repository/net/razorvine/pyrolite/4.9/pyrolite-4.9.jar:/home/kvadla/.m2/repository/net/sf/py4j/py4j/0.9/py4j-0.9.jar:/home/kvadla/.m2/repository/org/spark-project/spark/unused/1.0.0/unused-1.0.0.jar:/home/kvadla/.m2/repository/org/tensorflow/tensorflow-hadoop/1.0-01232017-SNAPSHOT/tensorflow-hadoop-1.0-01232017-SNAPSHOT-shaded-protobuf.jar:/home/kvadla/.m2/repository/org/apache/hadoop/hadoop-common/2.6.0/hadoop-common-2.6.0.jar:/home/kvadla/.m2/repository/commons-cli/commons-cli/1.2/commons-cli-1.2.jar:/home/kvadla/.m2/repository/xmlenc/xmlenc/0.52/xmlenc-0.52.jar:/home/kvadla/.m2/repository/commons-collections/commons-collections/3.2.1/commons-collections-3.2.1.jar:/home/kvadla/.m2/repository/javax/servlet/servlet-api/2.5/servlet-api-2.5.jar:/home/kvadla/.m2/repository/org/mortbay/jetty/jetty/6.1.26/jetty-6.1.26.jar:/home/kvadla/.m2/repository/org/mortbay/jetty/jetty-util/6.1.26/jetty-util-6.1.26.jar:/home/kvadla/.m2/repository/com/sun/jersey/jersey-json/1.9/jersey-json-1.9.jar:/home/kvadla/.m2/repository/com/sun/xml/bind/jaxb-impl/2.2.3-1/jaxb-impl-2.2.3-1.jar:/home/kvadla/.m2/repository/org/codehaus/jackson/jackson-jaxrs/1.8.3/jackson-jaxrs-1.8.3.jar:/home/kvadla/.m2/repository/org/codehaus/jackson/jackson-xc/1.8.3/jackson-xc-1.8.3.jar:/home/kvadla/.m2/repository/tomcat/jasper-compiler/5.5.23/jasper-compiler-5.5.23.jar:/home/kvadla/.m2/repository/tomcat/jasper-runtime/5.5.23/jasper-runtime-5.5.23.jar:/home/kvadla/.m2/repository/javax/servlet/jsp/jsp-api/2.1/jsp-api-2.1.jar:/home/kvadla/.m2/repository/commons-el/commons-el/1.0/commons-el-1.0.jar:/home/kvadla/.m2/repository/commons-configuration/commons-configuration/1.6/commons-configuration-1.6.jar:/home/kvadla/.m2/repository/commons-digester/commons-digester/1.8/commons-digester-1.8.jar:/home/kvadla/.m2/repository/commons-beanutils/commons-beanutils/1.7.0/commons-beanutils-1.7.0.jar:/home/kvadla/.m2/repository/commons-beanutils/commons-beanutils-core/1.8.0/commons-beanutils-core-1.8.0.jar:/home/kvadla/.m2/repository/org/apache/avro/avro/1.7.4/avro-1.7.4.jar:/home/kvadla/.m2/repository/com/google/code/gson/gson/2.2.4/gson-2.2.4.jar:/home/kvadla/.m2/repository/org/apache/hadoop/hadoop-auth/2.6.0/hadoop-auth-2.6.0.jar:/home/kvadla/.m2/repository/org/apache/directory/server/apacheds-kerberos-codec/2.0.0-M15/apacheds-kerberos-codec-2.0.0-M15.jar:/home/kvadla/.m2/repository/org/apache/directory/server/apacheds-i18n/2.0.0-M15/apacheds-i18n-2.0.0-M15.jar:/home/kvadla/.m2/repository/org/apache/directory/api/api-asn1-api/1.0.0-M20/api-asn1-api-1.0.0-M20.jar:/home/kvadla/.m2/repository/org/apache/directory/api/api-util/1.0.0-M20/api-util-1.0.0-M20.jar:/home/kvadla/.m2/repository/com/jcraft/jsch/0.1.42/jsch-0.1.42.jar:/home/kvadla/.m2/repository/org/apache/curator/curator-client/2.6.0/curator-client-2.6.0.jar:/home/kvadla/.m2/repository/org/htrace/htrace-core/3.0.4/htrace-core-3.0.4.jar:/home/kvadla/.m2/repository/org/apache/commons/commons-compress/1.4.1/commons-compress-1.4.1.jar:/home/kvadla/.m2/repository/org/tukaani/xz/1.0/xz-1.0.jar:/home/kvadla/.m2/repository/org/apache/hadoop/hadoop-mapreduce-client-core/2.6.0/hadoop-mapreduce-client-core-2.6.0.jar:/home/kvadla/.m2/repository/org/apache/hadoop/hadoop-yarn-common/2.6.0/hadoop-yarn-common-2.6.0.jar:/home/kvadla/.m2/repository/javax/xml/bind/jaxb-api/2.2.2/jaxb-api-2.2.2.jar:/home/kvadla/.m2/repository/javax/xml/stream/stax-api/1.0-2/stax-api-1.0-2.jar:/home/kvadla/.m2/repository/javax/activation/activation/1.1/activation-1.1.jar:/home/kvadla/.m2/repository/com/sun/jersey/jersey-client/1.9/jersey-client-1.9.jar:/home/kvadla/.m2/repository/com/google/inject/guice/3.0/guice-3.0.jar:/home/kvadla/.m2/repository/javax/inject/javax.inject/1/javax.inject-1.jar:/home/kvadla/.m2/repository/aopalliance/aopalliance/1.0/aopalliance-1.0.jar:/home/kvadla/.m2/repository/com/sun/jersey/contribs/jersey-guice/1.9/jersey-guice-1.9.jar:/home/kvadla/.m2/repository/com/google/inject/extensions/guice-servlet/3.0/guice-servlet-3.0.jar:/home/kvadla/.m2/repository/com/google/protobuf/protobuf-java/3.1.0/protobuf-java-3.1.0.jar:/home/kvadla/.m2/repository/org/trustedanalytics/sparktk-core/master-SNAPSHOT/sparktk-core-master-SNAPSHOT.jar:/home/kvadla/.m2/repository/org/trustedanalytics/model-archive-format/0.1.1/model-archive-format-0.1.1.jar:/home/kvadla/.m2/repository/org/trustedanalytics/model-archive-interfaces/0.1.1/model-archive-interfaces-0.1.1.jar:/home/kvadla/.m2/repository/org/dcm4che/dcm4che-core/3.3.7/dcm4che-core-3.3.7.jar:/home/kvadla/.m2/repository/org/dcm4che/dcm4che-dict/3.3.7/dcm4che-dict-3.3.7.jar:/home/kvadla/.m2/repository/junit/junit/4.11/junit-4.11.jar:/home/kvadla/.m2/repository/org/hamcrest/hamcrest-core/1.3/hamcrest-core-1.3.jar:/home/kvadla/.m2/repository/org/dcm4che/dcm4che-imageio/3.3.7/dcm4che-imageio-3.3.7.jar:/home/kvadla/.m2/repository/org/dcm4che/dcm4che-conf-core-api/3.3.7/dcm4che-conf-core-api-3.3.7.jar:/home/kvadla/.m2/repository/org/dcm4che/tool/dcm4che-tool-dcm2xml/3.3.7/dcm4che-tool-dcm2xml-3.3.7.jar:/home/kvadla/.m2/repository/org/dcm4che/tool/dcm4che-tool-common/3.3.7/dcm4che-tool-common-3.3.7.jar:/home/kvadla/.m2/repository/org/dcm4che/dcm4che-net/3.3.7/dcm4che-net-3.3.7.jar:/home/kvadla/.m2/repository/org/dcm4che/tool/dcm4che-tool-xml2dcm/3.3.7/dcm4che-tool-xml2dcm-3.3.7.jar:/home/kvadla/.m2/repository/org/dcm4che/dcm4che-image/3.3.7/dcm4che-image-3.3.7.jar:/home/kvadla/.m2/repository/org/apache/spark/spark-mllib_2.10/1.6.0-cdh5.7.1/spark-mllib_2.10-1.6.0-cdh5.7.1.jar:/home/kvadla/.m2/repository/org/apache/spark/spark-streaming_2.10/1.6.0-cdh5.7.1/spark-streaming_2.10-1.6.0-cdh5.7.1.jar:/home/kvadla/.m2/repository/org/apache/spark/spark-graphx_2.10/1.6.0-cdh5.7.1/spark-graphx_2.10-1.6.0-cdh5.7.1.jar:/home/kvadla/.m2/repository/com/github/fommil/netlib/core/1.1.2/core-1.1.2.jar:/home/kvadla/.m2/repository/net/sourceforge/f2j/arpack_combined_all/0.1/arpack_combined_all-0.1.jar:/home/kvadla/.m2/repository/org/scalanlp/breeze_2.10/0.11.2/breeze_2.10-0.11.2.jar:/home/kvadla/.m2/repository/org/scalanlp/breeze-macros_2.10/0.11.2/breeze-macros_2.10-0.11.2.jar:/home/kvadla/.m2/repository/org/scalamacros/quasiquotes_2.10/2.0.0-M8/quasiquotes_2.10-2.0.0-M8.jar:/home/kvadla/.m2/repository/net/sf/opencsv/opencsv/2.3/opencsv-2.3.jar:/home/kvadla/.m2/repository/com/github/rwl/jtransforms/2.4.0/jtransforms-2.4.0.jar:/home/kvadla/.m2/repository/org/spire-math/spire_2.10/0.7.4/spire_2.10-0.7.4.jar:/home/kvadla/.m2/repository/org/spire-math/spire-macros_2.10/0.7.4/spire-macros_2.10-0.7.4.jar:/home/kvadla/.m2/repository/org/jpmml/pmml-model/1.1.15/pmml-model-1.1.15.jar:/home/kvadla/.m2/repository/org/jpmml/pmml-agent/1.1.15/pmml-agent-1.1.15.jar:/home/kvadla/.m2/repository/org/jpmml/pmml-schema/1.1.15/pmml-schema-1.1.15.jar:/home/kvadla/.m2/repository/graphframes/graphframes/0.1.0-spark1.6/graphframes-0.1.0-spark1.6.jar:/home/kvadla/.m2/repository/com/orientechnologies/orientdb-graphdb/2.1.16/orientdb-graphdb-2.1.16.jar:/home/kvadla/.m2/repository/com/orientechnologies/orientdb-server/2.1.16/orientdb-server-2.1.16.jar:/home/kvadla/.m2/repository/javax/mail/mail/1.4/mail-1.4.jar:/home/kvadla/.m2/repository/com/orientechnologies/orientdb-tools/2.1.16/orientdb-tools-2.1.16.jar:/home/kvadla/.m2/repository/com/orientechnologies/orientdb-object/2.1.16/orientdb-object-2.1.16.jar:/home/kvadla/.m2/repository/org/hibernate/javax/persistence/hibernate-jpa-2.0-api/1.0.0.Final/hibernate-jpa-2.0-api-1.0.0.Final.jar:/home/kvadla/.m2/repository/org/javassist/javassist/3.16.1-GA/javassist-3.16.1-GA.jar:/home/kvadla/.m2/repository/com/tinkerpop/gremlin/gremlin-java/2.6.0/gremlin-java-2.6.0.jar:/home/kvadla/.m2/repository/com/tinkerpop/pipes/2.6.0/pipes-2.6.0.jar:/home/kvadla/.m2/repository/com/tinkerpop/gremlin/gremlin-groovy/2.6.0/gremlin-groovy-2.6.0.jar:/home/kvadla/.m2/repository/org/codehaus/groovy/groovy/1.8.9/groovy-1.8.9.jar:/home/kvadla/.m2/repository/antlr/antlr/2.7.7/antlr-2.7.7.jar:/home/kvadla/.m2/repository/asm/asm-commons/3.2/asm-commons-3.2.jar:/home/kvadla/.m2/repository/asm/asm-util/3.2/asm-util-3.2.jar:/home/kvadla/.m2/repository/asm/asm-analysis/3.2/asm-analysis-3.2.jar:/home/kvadla/.m2/repository/asm/asm-tree/3.2/asm-tree-3.2.jar:/home/kvadla/.m2/repository/org/apache/ant/ant/1.8.3/ant-1.8.3.jar:/home/kvadla/.m2/repository/org/apache/ant/ant-launcher/1.8.3/ant-launcher-1.8.3.jar:/home/kvadla/.m2/repository/org/fusesource/jansi/jansi/1.5/jansi-1.5.jar:/home/kvadla/.m2/repository/com/orientechnologies/orientdb-core/2.1.16/orientdb-core-2.1.16.jar:/home/kvadla/.m2/repository/net/java/dev/jna/jna/4.0.0/jna-4.0.0.jar:/home/kvadla/.m2/repository/net/java/dev/jna/jna-platform/4.0.0/jna-platform-4.0.0.jar:/home/kvadla/.m2/repository/com/orientechnologies/orientdb-client/2.1.16/orientdb-client-2.1.16.jar:/home/kvadla/.m2/repository/com/orientechnologies/orientdb-enterprise/2.1.16/orientdb-enterprise-2.1.16.jar:/home/kvadla/.m2/repository/com/tinkerpop/blueprints/blueprints-core/2.6.0/blueprints-core-2.6.0.jar:/home/kvadla/.m2/repository/org/codehaus/jettison/jettison/1.3.3/jettison-1.3.3.jar:/home/kvadla/.m2/repository/stax/stax-api/1.0.1/stax-api-1.0.1.jar:/home/kvadla/.m2/repository/com/carrotsearch/hppc/0.6.0/hppc-0.6.0.jar:/home/kvadla/.m2/repository/com/typesafe/config/1.2.1/config-1.2.1.jar:/home/kvadla/.m2/repository/io/spray/spray-json_2.10/1.2.6/spray-json_2.10-1.2.6.jar:/home/kvadla/.m2/repository/com/google/guava/guava/14.0.1/guava-14.0.1.jar:/home/kvadla/.m2/repository/com/googlecode/concurrentlinkedhashmap/concurrentlinkedhashmap-lru/1.4.1/concurrentlinkedhashmap-lru-1.4.1.jar:/home/kvadla/.m2/repository/org/apache/spark/spark-yarn_2.10/1.6.0-cdh5.7.1/spark-yarn_2.10-1.6.0-cdh5.7.1.jar:/home/kvadla/.m2/repository/org/apache/hadoop/hadoop-yarn-server-web-proxy/2.6.0-cdh5.7.1/hadoop-yarn-server-web-proxy-2.6.0-cdh5.7.1.jar:/home/kvadla/.m2/repository/org/apache/hadoop/hadoop-yarn-server-common/2.6.0-cdh5.7.1/hadoop-yarn-server-common-2.6.0-cdh5.7.1.jar:/home/kvadla/.m2/repository/org/apache/hadoop/hadoop-yarn-client/2.6.0-cdh5.7.1/hadoop-yarn-client-2.6.0-cdh5.7.1.jar:/home/kvadla/.m2/repository/org/apache/spark/spark-sql_2.10/1.6.0-cdh5.7.1/spark-sql_2.10-1.6.0-cdh5.7.1.jar:/home/kvadla/.m2/repository/org/apache/spark/spark-catalyst_2.10/1.6.0-cdh5.7.1/spark-catalyst_2.10-1.6.0-cdh5.7.1.jar:/home/kvadla/.m2/repository/org/codehaus/janino/janino/2.7.8/janino-2.7.8.jar:/home/kvadla/.m2/repository/com/twitter/parquet-column/1.5.0-cdh5.7.1/parquet-column-1.5.0-cdh5.7.1.jar:/home/kvadla/.m2/repository/com/twitter/parquet-common/1.5.0-cdh5.7.1/parquet-common-1.5.0-cdh5.7.1.jar:/home/kvadla/.m2/repository/com/twitter/parquet-encoding/1.5.0-cdh5.7.1/parquet-encoding-1.5.0-cdh5.7.1.jar:/home/kvadla/.m2/repository/com/twitter/parquet-hadoop/1.5.0-cdh5.7.1/parquet-hadoop-1.5.0-cdh5.7.1.jar:/home/kvadla/.m2/repository/com/twitter/parquet-format/2.1.0-cdh5.7.1/parquet-format-2.1.0-cdh5.7.1.jar:/home/kvadla/.m2/repository/com/twitter/parquet-jackson/1.5.0-cdh5.7.1/parquet-jackson-1.5.0-cdh5.7.1.jar:/home/kvadla/.m2/repository/org/apache/commons/commons-csv/1.0/commons-csv-1.0.jar:/home/kvadla/.m2/repository/org/parboiled/parboiled-scala_2.10/1.1.6/parboiled-scala_2.10-1.1.6.jar:/home/kvadla/.m2/repository/org/parboiled/parboiled-core/1.1.6/parboiled-core-1.1.6.jar:/home/kvadla/.m2/repository/org/threeten/threeten-extra/0.9/threeten-extra-0.9.jar:/home/kvadla/.m2/repository/tw/edu/ntu/csie/libsvm/3.17/libsvm-3.17.jar:/home/kvadla/.m2/repository/org/apache/spark/spark-hive_2.10/1.6.0-cdh5.7.1/spark-hive_2.10-1.6.0-cdh5.7.1.jar:/home/kvadla/.m2/repository/org/apache/hive/hive-exec/1.1.0-cdh5.7.1/hive-exec-1.1.0-cdh5.7.1.jar:/home/kvadla/.m2/repository/org/cloudera/logredactor/logredactor/1.0.3/logredactor-1.0.3.jar:/home/kvadla/.m2/repository/log4j/apache-log4j-extras/1.2.17/apache-log4j-extras-1.2.17.jar:/home/kvadla/.m2/repository/org/antlr/antlr-runtime/3.4/antlr-runtime-3.4.jar:/home/kvadla/.m2/repository/org/antlr/stringtemplate/3.2.1/stringtemplate-3.2.1.jar:/home/kvadla/.m2/repository/org/antlr/ST4/4.0.4/ST4-4.0.4.jar:/home/kvadla/.m2/repository/org/codehaus/groovy/groovy-all/2.4.4/groovy-all-2.4.4.jar:/home/kvadla/.m2/repository/org/apache/hbase/hbase-common/1.2.0-cdh5.7.1/hbase-common-1.2.0-cdh5.7.1.jar:/home/kvadla/.m2/repository/org/apache/hbase/hbase-protocol/1.2.0-cdh5.7.1/hbase-protocol-1.2.0-cdh5.7.1.jar:/home/kvadla/.m2/repository/org/apache/hbase/hbase-annotations/1.2.0-cdh5.7.1/hbase-annotations-1.2.0-cdh5.7.1.jar:/home/kvadla/.m2/repository/org/apache/htrace/htrace-core/3.2.0-incubating/htrace-core-3.2.0-incubating.jar:/home/kvadla/.m2/repository/com/github/stephenc/findbugs/findbugs-annotations/1.3.9-1/findbugs-annotations-1.3.9-1.jar:/home/kvadla/.m2/repository/org/apache/hive/hive-metastore/1.1.0-cdh5.7.1/hive-metastore-1.1.0-cdh5.7.1.jar:/home/kvadla/.m2/repository/com/jolbox/bonecp/0.8.0.RELEASE/bonecp-0.8.0.RELEASE.jar:/home/kvadla/.m2/repository/org/apache/derby/derby/10.11.1.1/derby-10.11.1.1.jar:/home/kvadla/.m2/repository/commons-pool/commons-pool/1.5.4/commons-pool-1.5.4.jar:/home/kvadla/.m2/repository/commons-dbcp/commons-dbcp/1.4/commons-dbcp-1.4.jar:/home/kvadla/.m2/repository/javax/jdo/jdo-api/3.0.1/jdo-api-3.0.1.jar:/home/kvadla/.m2/repository/javax/transaction/jta/1.1/jta-1.1.jar:/home/kvadla/.m2/repository/org/apache/calcite/calcite-avatica/1.2.0-incubating/calcite-avatica-1.2.0-incubating.jar:/home/kvadla/.m2/repository/org/apache/calcite/calcite-core/1.2.0-incubating/calcite-core-1.2.0-incubating.jar:/home/kvadla/.m2/repository/org/apache/calcite/calcite-linq4j/1.2.0-incubating/calcite-linq4j-1.2.0-incubating.jar:/home/kvadla/.m2/repository/net/hydromatic/eigenbase-properties/1.1.5/eigenbase-properties-1.1.5.jar:/home/kvadla/.m2/repository/org/codehaus/janino/commons-compiler/2.7.6/commons-compiler-2.7.6.jar:/home/kvadla/.m2/repository/org/apache/httpcomponents/httpclient/4.2.5/httpclient-4.2.5.jar:/home/kvadla/.m2/repository/org/apache/httpcomponents/httpcore/4.2.4/httpcore-4.2.4.jar:/home/kvadla/.m2/repository/joda-time/joda-time/2.9/joda-time-2.9.jar:/home/kvadla/.m2/repository/org/jodd/jodd-core/3.5.2/jodd-core-3.5.2.jar:/home/kvadla/.m2/repository/org/datanucleus/datanucleus-core/3.2.10/datanucleus-core-3.2.10.jar:/home/kvadla/.m2/repository/org/datanucleus/datanucleus-api-jdo/3.2.6/datanucleus-api-jdo-3.2.6.jar:/home/kvadla/.m2/repository/org/datanucleus/datanucleus-rdbms/3.2.9/datanucleus-rdbms-3.2.9.jar:/home/kvadla/.m2/repository/org/apache/thrift/libthrift/0.9.2/libthrift-0.9.2.jar:/home/kvadla/.m2/repository/org/apache/thrift/libfb303/0.9.2/libfb303-0.9.2.jar:/home/kvadla/.m2/repository/org/apache/mahout/mahout-core/0.9-cdh5.7.1/mahout-core-0.9-cdh5.7.1.jar:/home/kvadla/.m2/repository/com/thoughtworks/xstream/xstream/1.4.4/xstream-1.4.4.jar:/home/kvadla/.m2/repository/xmlpull/xmlpull/1.1.3.1/xmlpull-1.1.3.1.jar:/home/kvadla/.m2/repository/xpp3/xpp3_min/1.1.4c/xpp3_min-1.1.4c.jar:/home/kvadla/.m2/repository/org/apache/mahout/commons/commons-cli/2.0-mahout/commons-cli-2.0-mahout.jar:/home/kvadla/.m2/repository/org/apache/mahout/mahout-math/0.9-cdh5.7.1/mahout-math-0.9-cdh5.7.1.jar:/home/kvadla/.m2/repository/com/databricks/spark-csv_2.10/1.4.0/spark-csv_2.10-1.4.0.jar:/home/kvadla/.m2/repository/com/univocity/univocity-parsers/1.5.1/univocity-parsers-1.5.1.jar:/home/kvadla/.m2/repository/com/cloudera/sparkts/sparkts/0.3.5/sparkts-0.3.5.jar:/home/kvadla/.m2/repository/org/scala-lang/scalap/2.10.4/scalap-2.10.4.jar:/home/kvadla/.m2/repository/org/scala-lang/scala-compiler/2.10.4/scala-compiler-2.10.4.jar:/home/kvadla/.m2/repository/org/scalanlp/breeze-viz_2.10/0.10/breeze-viz_2.10-0.10.jar:/home/kvadla/.m2/repository/jfree/jcommon/1.0.16/jcommon-1.0.16.jar:/home/kvadla/.m2/repository/jfree/jfreechart/1.0.13/jfreechart-1.0.13.jar:/home/kvadla/.m2/repository/org/apache/xmlgraphics/xmlgraphics-commons/1.3.1/xmlgraphics-commons-1.3.1.jar:/home/kvadla/.m2/repository/com/lowagie/itext/2.1.5/itext-2.1.5.jar:/home/kvadla/.m2/repository/bouncycastle/bcmail-jdk14/138/bcmail-jdk14-138.jar:/home/kvadla/.m2/repository/bouncycastle/bcprov-jdk14/138/bcprov-jdk14-138.jar:/home/kvadla/.m2/repository/org/apache/maven/maven-artifact/3.3.9/maven-artifact-3.3.9.jar:/home/kvadla/.m2/repository/org/codehaus/plexus/plexus-utils/3.0.22/plexus-utils-3.0.22.jar:/home/kvadla/.m2/repository/org/joda/joda-convert/1.7/joda-convert-1.7.jar:/home/kvadla/.m2/repository/org/apache/hadoop/hadoop-yarn-api/2.6.5/hadoop-yarn-api-2.6.5.jar:/home/kvadla/.m2/repository/commons-lang/commons-lang/2.6/commons-lang-2.6.jar:/home/kvadla/.m2/repository/commons-logging/commons-logging/1.1.3/commons-logging-1.1.3.jar:/home/kvadla/.m2/repository/org/apache/hadoop/hadoop-annotations/2.6.5/hadoop-annotations-2.6.5.jar:/usr/lib/jvm/java-1.8.0-openjdk-1.8.0.111-1.b15.el7_2.x86_64/jre/../lib/tools.jar:/home/kvadla/.m2/repository/org/scalatest/scalatest_2.10/2.1.6/scalatest_2.10-2.1.6.jar:/home/kvadla/.m2/repository/org/scala-lang/scala-reflect/2.10.3/scala-reflect-2.10.3.jar">
</property>
    <property name="java.vm.specification.version" value="1.8"> </property>
    <property name="sun.arch.data.model" value="64"> </property>
    <property 
    name="java.home" value="/usr/lib/jvm/java-1.8.0-openjdk-1.8.0.111-1.b15.el7_2.x86_64/jre">
</property>
    <property 
    name="sun.java.command" value="org.scalatest.tools.Runner -R /home/kvadla/git-repo/spark-tensorflow-connector/spark-tf-core/target/classes /home/kvadla/git-repo/spark-tensorflow-connector/spark-tf-core/target/test-classes -oFTD -fWDF /home/kvadla/git-repo/spark-tensorflow-connector/spark-tf-core/target/surefire-reports/TestSuite.txt -u /home/kvadla/git-repo/spark-tensorflow-connector/spark-tf-core/target/surefire-reports/.">
</property>
    <property name="java.specification.vendor" value="Oracle Corporation">
    </property>
    <property name="user.language" value="en"> </property>
    <property name="awt.toolkit" value="sun.awt.X11.XToolkit"> </property>
    <property name="java.vm.info" value="mixed mode"> </property>
    <property name="java.version" value="1.8.0_111"> </property>
    <property 
    name="java.ext.dirs" value="/usr/lib/jvm/java-1.8.0-openjdk-1.8.0.111-1.b15.el7_2.x86_64/jre/lib/ext:/usr/java/packages/lib/ext">
</property>
    <property 
    name="sun.boot.class.path" value="/usr/lib/jvm/java-1.8.0-openjdk-1.8.0.111-1.b15.el7_2.x86_64/jre/lib/resources.jar:/usr/lib/jvm/java-1.8.0-openjdk-1.8.0.111-1.b15.el7_2.x86_64/jre/lib/rt.jar:/usr/lib/jvm/java-1.8.0-openjdk-1.8.0.111-1.b15.el7_2.x86_64/jre/lib/sunrsasign.jar:/usr/lib/jvm/java-1.8.0-openjdk-1.8.0.111-1.b15.el7_2.x86_64/jre/lib/jsse.jar:/usr/lib/jvm/java-1.8.0-openjdk-1.8.0.111-1.b15.el7_2.x86_64/jre/lib/jce.jar:/usr/lib/jvm/java-1.8.0-openjdk-1.8.0.111-1.b15.el7_2.x86_64/jre/lib/charsets.jar:/usr/lib/jvm/java-1.8.0-openjdk-1.8.0.111-1.b15.el7_2.x86_64/jre/lib/jfr.jar:/usr/lib/jvm/java-1.8.0-openjdk-1.8.0.111-1.b15.el7_2.x86_64/jre/classes">
</property>
    <property name="java.vendor" value="Oracle Corporation"> </property>
    <property name="file.separator" value="/"> </property>
    <property 
    name="java.vendor.url.bug" value="http://bugreport.sun.com/bugreport/">
</property>
    <property name="sun.cpu.endian" value="little"> </property>
    <property name="sun.io.unicode.encoding" value="UnicodeLittle"> </property>
    <property name="sun.desktop" value="gnome"> </property>
    <property name="sun.cpu.isalist" value=""> </property>
  </properties>
  <testcase 
  name="Spark-tk TensorFlow module should Test Import/Export" classname="tensorflow.TensorFlowTest" time="2.802">
</testcase>
  <testcase 
  name="Spark-tk TensorFlow module should Encode given Row as TensorFlow example" classname="tensorflow.TensorFlowTest" time="0.006">
</testcase>
  <testcase 
  name="Spark-tk TensorFlow module should Throw null pointer exception for a vector with null values during Encode" classname="tensorflow.TensorFlowTest" time="0.0">
</testcase>
  <testcase 
  name="Spark-tk TensorFlow module should Decode given TensorFlow Example as Row" classname="tensorflow.TensorFlowTest" time="0.002">
</testcase>
  <testcase 
  name="Spark-tk TensorFlow module should Check infer schema" classname="tensorflow.TensorFlowTest" time="0.02">
</testcase>
  <system-out><![CDATA[]]></system-out>
  <system-err><![CDATA[]]></system-err>
</testsuite>
